  main.cpp
c:\faculta\dsa\proiectsda\proiectsda-andra\main.cpp(38): warning C4018: '<': signed/unsigned mismatch
c:\faculta\dsa\proiectsda\proiectsda-andra\main.cpp(41): warning C4018: '<': signed/unsigned mismatch
c:\faculta\dsa\proiectsda\proiectsda-andra\main.cpp(145): warning C4018: '<': signed/unsigned mismatch
c:\faculta\dsa\proiectsda\proiectsda-andra\main.cpp(148): warning C4018: '<': signed/unsigned mismatch
c:\faculta\dsa\proiectsda\proiectsda-andra\main.cpp(154): warning C4018: '<': signed/unsigned mismatch
c:\faculta\dsa\proiectsda\proiectsda-andra\main.cpp(173): warning C4018: '<': signed/unsigned mismatch
c:\faculta\dsa\proiectsda\proiectsda-andra\main.cpp(179): warning C4018: '<': signed/unsigned mismatch
c:\faculta\dsa\proiectsda\proiectsda-andra\main.cpp(207): warning C4018: '<': signed/unsigned mismatch
c:\faculta\dsa\proiectsda\proiectsda-andra\main.cpp(210): warning C4018: '<': signed/unsigned mismatch
c:\faculta\dsa\proiectsda\proiectsda-andra\main.cpp(216): warning C4018: '<': signed/unsigned mismatch
c:\faculta\dsa\proiectsda\proiectsda-andra\main.cpp(232): warning C4018: '<': signed/unsigned mismatch
c:\faculta\dsa\proiectsda\proiectsda-andra\main.cpp(238): warning C4018: '<': signed/unsigned mismatch
c:\program files (x86)\microsoft visual studio 14.0\vc\include\xutility(2229): warning C4996: 'std::_Copy_impl': Function call with parameters that may be unsafe - this call relies on the caller to check that the passed values are correct. To disable this warning, use -D_SCL_SECURE_NO_WARNINGS. See documentation on how to use Visual C++ 'Checked Iterators'
  c:\program files (x86)\microsoft visual studio 14.0\vc\include\xutility(2216): note: see declaration of 'std::_Copy_impl'
  c:\faculta\dsa\proiectsda\proiectsda-andra\dynvector.h(131): note: see reference to function template instantiation '_OutIt std::copy<Object*,TE*>(_InIt,_InIt,_OutIt)' being compiled
          with
          [
              _OutIt=mapE *,
              Object=mapE,
              TE=mapE,
              _InIt=mapE *
          ]
  c:\faculta\dsa\proiectsda\proiectsda-andra\dynvector.h(125): note: while compiling class template member function 'bool DynamicVector<mapE>::resize(void)'
  c:\faculta\dsa\proiectsda\proiectsda-andra\dynvector.h(116): note: see reference to function template instantiation 'bool DynamicVector<mapE>::resize(void)' being compiled
  c:\faculta\dsa\proiectsda\proiectsda-andra\dynvector.h(73): note: while compiling class template member function 'DynamicVector<mapE>::DynamicVector(const DynamicVector<mapE> &)'
  c:\faculta\dsa\proiectsda\proiectsda-andra\main.cpp(90): note: see reference to function template instantiation 'DynamicVector<mapE>::DynamicVector(const DynamicVector<mapE> &)' being compiled
  c:\faculta\dsa\proiectsda\proiectsda-andra\main.cpp(23): note: see reference to class template instantiation 'DynamicVector<mapE>' being compiled
  ProiectSDA.vcxproj -> C:\Faculta\DSA\BT\Debug\ProiectSDA.exe
